<?xml version="1.0" encoding="UTF-8"?>
<!-- Generated by org.testng.reporters.JUnitReportReporter -->
<testsuite hostname="subbulu-MacBook-Pro.local" failures="0" tests="3" name="com.webAPI.tests.APICallResponseTest" time="0.658" errors="0" timestamp="2021-10-10T20:32:56 BST" skipped="0">
  <testcase classname="com.webAPI.tests.APICallResponseTest" name="APICall2basedonAPICall1" time="0.018"/>
  <system-out/>
  <testcase classname="com.webAPI.tests.APICallResponseTest" name="APICall3" time="0.161"/>
  <system-out/>
  <testcase classname="com.webAPI.tests.APICallResponseTest" name="APICall1" time="0.479"/>
  <system-out/>
</testsuite> <!-- com.webAPI.tests.APICallResponseTest -->
